2023-04-17 10:49:43,186 [Worker-1: Loading available Gradle versions] INFO  o.e.b.c.i.u.g.PublishedGradleVersions - Gradle version information cache is up-to-date. Trying to read.
2023-04-17 10:51:28,539 [Worker-2: Updating Maven Dependencies] INFO  o.e.m.c.i.l.LifecycleMappingFactory - Using org.eclipse.m2e.jdt.JarLifecycleMapping lifecycle mapping for MavenProject: org.owasp.webgoat:webwolf:8.2.3-SNAPSHOT @ D:\DevSecOps\Files\WebGoat\WebGoat-DevOps\webwolf\pom.xml.
2023-04-17 10:51:30,130 [Worker-9: Building] INFO  o.e.m.c.i.l.LifecycleMappingFactory - Using org.eclipse.m2e.jdt.JarLifecycleMapping lifecycle mapping for MavenProject: org.owasp.webgoat.lesson:auth-bypass:8.2.3-SNAPSHOT @ D:\DevSecOps\Files\WebGoat\WebGoat-DevOps\webgoat-lessons\auth-bypass\pom.xml.
2023-04-17 10:51:30,196 [Worker-9: Building] WARN  o.e.m.c.i.embedder.EclipseLogger - The POM for org.owasp.webgoat:webgoat-container:jar:8.2.3-SNAPSHOT is missing, no dependency information available
2023-04-17 10:51:30,198 [Worker-9: Building] WARN  o.e.m.c.i.embedder.EclipseLogger - The POM for org.owasp.webgoat:webgoat-container:jar:tests:8.2.3-SNAPSHOT is missing, no dependency information available
2023-04-17 10:51:37,411 [Worker-1: Download sources and javadoc] WARN  o.e.m.c.i.embedder.EclipseLogger - The POM for org.owasp.webgoat:webgoat-container:jar:8.2.3-SNAPSHOT is missing, no dependency information available
2023-04-17 10:51:37,467 [Worker-1: Download sources and javadoc] WARN  o.e.m.c.i.embedder.EclipseLogger - The POM for org.owasp.webgoat:webgoat-container:jar:tests:8.2.3-SNAPSHOT is missing, no dependency information available
2023-04-17 10:51:39,045 [Worker-1: Download sources and javadoc] ERROR o.e.m.j.internal.DownloadSourcesJob - Could not download sources for org.owasp.webgoat:webgoat-container:8.2.3-SNAPSHOT
org.eclipse.core.runtime.CoreException: Could not resolve artifact org.owasp.webgoat:webgoat-container:jar:sources:8.2.3-SNAPSHOT
	at org.eclipse.m2e.core.internal.embedder.MavenImpl.lambda$4(MavenImpl.java:828)
	at org.eclipse.m2e.core.internal.embedder.MavenExecutionContext.executeBare(MavenExecutionContext.java:182)
	at org.eclipse.m2e.core.internal.embedder.MavenExecutionContext.execute(MavenExecutionContext.java:117)
	at org.eclipse.m2e.core.internal.embedder.MavenExecutionContext.execute(MavenExecutionContext.java:103)
	at org.eclipse.m2e.core.internal.embedder.MavenImpl.resolve(MavenImpl.java:796)
	at org.eclipse.m2e.core.internal.embedder.MavenImpl.resolve(MavenImpl.java:773)
	at org.eclipse.m2e.jdt.internal.DownloadSourcesJob.download(DownloadSourcesJob.java:311)
	at org.eclipse.m2e.jdt.internal.DownloadSourcesJob.downloadAttachments(DownloadSourcesJob.java:285)
	at org.eclipse.m2e.jdt.internal.DownloadSourcesJob.downloadMaven(DownloadSourcesJob.java:255)
	at org.eclipse.m2e.jdt.internal.DownloadSourcesJob.downloadFilesAndPopulateToUpdate(DownloadSourcesJob.java:223)
	at org.eclipse.m2e.jdt.internal.DownloadSourcesJob.lambda$0(DownloadSourcesJob.java:152)
	at org.eclipse.m2e.core.internal.embedder.MavenExecutionContext.executeBare(MavenExecutionContext.java:182)
	at org.eclipse.m2e.core.internal.embedder.MavenExecutionContext.execute(MavenExecutionContext.java:156)
	at org.eclipse.m2e.core.internal.embedder.MavenExecutionContext.execute(MavenExecutionContext.java:103)
	at org.eclipse.m2e.core.internal.embedder.MavenImpl.execute(MavenImpl.java:1416)
	at org.eclipse.m2e.jdt.internal.DownloadSourcesJob.run(DownloadSourcesJob.java:152)
	at org.eclipse.core.internal.jobs.Worker.run(Worker.java:63)
2023-04-17 10:51:39,050 [Worker-1: Download sources and javadoc] ERROR o.e.m.j.internal.DownloadSourcesJob - Could not download sources for org.owasp.webgoat:webgoat-container:8.2.3-SNAPSHOT:tests
org.eclipse.core.runtime.CoreException: Could not resolve artifact org.owasp.webgoat:webgoat-container:jar:test-sources:8.2.3-SNAPSHOT
	at org.eclipse.m2e.core.internal.embedder.MavenImpl.lambda$4(MavenImpl.java:828)
	at org.eclipse.m2e.core.internal.embedder.MavenExecutionContext.executeBare(MavenExecutionContext.java:182)
	at org.eclipse.m2e.core.internal.embedder.MavenExecutionContext.execute(MavenExecutionContext.java:117)
	at org.eclipse.m2e.core.internal.embedder.MavenExecutionContext.execute(MavenExecutionContext.java:103)
	at org.eclipse.m2e.core.internal.embedder.MavenImpl.resolve(MavenImpl.java:796)
	at org.eclipse.m2e.core.internal.embedder.MavenImpl.resolve(MavenImpl.java:773)
	at org.eclipse.m2e.jdt.internal.DownloadSourcesJob.download(DownloadSourcesJob.java:311)
	at org.eclipse.m2e.jdt.internal.DownloadSourcesJob.downloadAttachments(DownloadSourcesJob.java:285)
	at org.eclipse.m2e.jdt.internal.DownloadSourcesJob.downloadMaven(DownloadSourcesJob.java:255)
	at org.eclipse.m2e.jdt.internal.DownloadSourcesJob.downloadFilesAndPopulateToUpdate(DownloadSourcesJob.java:223)
	at org.eclipse.m2e.jdt.internal.DownloadSourcesJob.lambda$0(DownloadSourcesJob.java:152)
	at org.eclipse.m2e.core.internal.embedder.MavenExecutionContext.executeBare(MavenExecutionContext.java:182)
	at org.eclipse.m2e.core.internal.embedder.MavenExecutionContext.execute(MavenExecutionContext.java:156)
	at org.eclipse.m2e.core.internal.embedder.MavenExecutionContext.execute(MavenExecutionContext.java:103)
	at org.eclipse.m2e.core.internal.embedder.MavenImpl.execute(MavenImpl.java:1416)
	at org.eclipse.m2e.jdt.internal.DownloadSourcesJob.run(DownloadSourcesJob.java:152)
	at org.eclipse.core.internal.jobs.Worker.run(Worker.java:63)
2023-04-17 10:51:40,754 [Worker-9: Building] INFO  o.e.m.c.i.embedder.EclipseLogger - Using 'UTF-8' encoding to copy filtered resources.
2023-04-17 10:51:40,755 [Worker-9: Building] INFO  o.e.m.c.i.embedder.EclipseLogger - Using 'UTF-8' encoding to copy filtered properties files.
2023-04-17 10:51:40,759 [Worker-9: Building] INFO  o.e.m.c.i.embedder.EclipseLogger - Copying 0 resource
2023-04-17 10:51:40,802 [Worker-9: Building] INFO  o.e.m.c.i.embedder.EclipseLogger - Copying 8 resources
2023-04-17 10:51:40,822 [Worker-9: Building] INFO  o.e.m.c.i.embedder.EclipseLogger - Using 'UTF-8' encoding to copy filtered resources.
2023-04-17 10:51:40,822 [Worker-9: Building] INFO  o.e.m.c.i.embedder.EclipseLogger - Using 'UTF-8' encoding to copy filtered properties files.
2023-04-17 10:51:40,822 [Worker-9: Building] INFO  o.e.m.c.i.embedder.EclipseLogger - skip non existing resourceDirectory D:\DevSecOps\Files\WebGoat\WebGoat-DevOps\webgoat-lessons\auth-bypass\src\test\resources
2023-04-17 10:51:44,996 [Worker-6: Building] INFO  o.e.m.c.i.l.LifecycleMappingFactory - Using org.eclipse.m2e.jdt.JarLifecycleMapping lifecycle mapping for MavenProject: org.owasp.webgoat.lesson:bypass-restrictions:8.2.3-SNAPSHOT @ D:\DevSecOps\Files\WebGoat\WebGoat-DevOps\webgoat-lessons\bypass-restrictions\pom.xml.
2023-04-17 10:51:45,103 [Worker-6: Building] WARN  o.e.m.c.i.embedder.EclipseLogger - The POM for org.owasp.webgoat:webgoat-container:jar:8.2.3-SNAPSHOT is missing, no dependency information available
2023-04-17 10:51:45,104 [Worker-6: Building] WARN  o.e.m.c.i.embedder.EclipseLogger - The POM for org.owasp.webgoat:webgoat-container:jar:tests:8.2.3-SNAPSHOT is missing, no dependency information available
2023-04-17 10:51:46,475 [Worker-6: Building] INFO  o.e.m.c.i.embedder.EclipseLogger - Using 'UTF-8' encoding to copy filtered resources.
2023-04-17 10:51:46,475 [Worker-6: Building] INFO  o.e.m.c.i.embedder.EclipseLogger - Using 'UTF-8' encoding to copy filtered properties files.
2023-04-17 10:51:46,476 [Worker-6: Building] INFO  o.e.m.c.i.embedder.EclipseLogger - Copying 0 resource
2023-04-17 10:51:46,477 [Worker-6: Building] INFO  o.e.m.c.i.embedder.EclipseLogger - Copying 6 resources
2023-04-17 10:51:46,481 [Worker-6: Building] INFO  o.e.m.c.i.embedder.EclipseLogger - Using 'UTF-8' encoding to copy filtered resources.
2023-04-17 10:51:46,481 [Worker-6: Building] INFO  o.e.m.c.i.embedder.EclipseLogger - Using 'UTF-8' encoding to copy filtered properties files.
2023-04-17 10:51:46,481 [Worker-6: Building] INFO  o.e.m.c.i.embedder.EclipseLogger - skip non existing resourceDirectory D:\DevSecOps\Files\WebGoat\WebGoat-DevOps\webgoat-lessons\bypass-restrictions\src\test\resources
2023-04-17 10:51:48,024 [Worker-1: Download sources and javadoc] WARN  o.e.m.c.i.embedder.EclipseLogger - The POM for org.owasp.webgoat:webgoat-container:jar:8.2.3-SNAPSHOT is missing, no dependency information available
2023-04-17 10:51:48,025 [Worker-1: Download sources and javadoc] WARN  o.e.m.c.i.embedder.EclipseLogger - The POM for org.owasp.webgoat:webgoat-container:jar:tests:8.2.3-SNAPSHOT is missing, no dependency information available
2023-04-17 10:51:48,380 [Worker-1: Download sources and javadoc] ERROR o.e.m.j.internal.DownloadSourcesJob - Could not download javadoc for org.owasp.webgoat:webgoat-container:8.2.3-SNAPSHOT
org.eclipse.core.runtime.CoreException: Could not resolve artifact org.owasp.webgoat:webgoat-container:jar:javadoc:8.2.3-SNAPSHOT
	at org.eclipse.m2e.core.internal.embedder.MavenImpl.lambda$4(MavenImpl.java:828)
	at org.eclipse.m2e.core.internal.embedder.MavenExecutionContext.executeBare(MavenExecutionContext.java:182)
	at org.eclipse.m2e.core.internal.embedder.MavenExecutionContext.execute(MavenExecutionContext.java:117)
	at org.eclipse.m2e.core.internal.embedder.MavenExecutionContext.execute(MavenExecutionContext.java:103)
	at org.eclipse.m2e.core.internal.embedder.MavenImpl.resolve(MavenImpl.java:796)
	at org.eclipse.m2e.core.internal.embedder.MavenImpl.resolve(MavenImpl.java:773)
	at org.eclipse.m2e.jdt.internal.DownloadSourcesJob.download(DownloadSourcesJob.java:311)
	at org.eclipse.m2e.jdt.internal.DownloadSourcesJob.downloadAttachments(DownloadSourcesJob.java:297)
	at org.eclipse.m2e.jdt.internal.DownloadSourcesJob.downloadMaven(DownloadSourcesJob.java:255)
	at org.eclipse.m2e.jdt.internal.DownloadSourcesJob.downloadFilesAndPopulateToUpdate(DownloadSourcesJob.java:223)
	at org.eclipse.m2e.jdt.internal.DownloadSourcesJob.lambda$0(DownloadSourcesJob.java:152)
	at org.eclipse.m2e.core.internal.embedder.MavenExecutionContext.executeBare(MavenExecutionContext.java:182)
	at org.eclipse.m2e.core.internal.embedder.MavenExecutionContext.execute(MavenExecutionContext.java:156)
	at org.eclipse.m2e.core.internal.embedder.MavenExecutionContext.execute(MavenExecutionContext.java:103)
	at org.eclipse.m2e.core.internal.embedder.MavenImpl.execute(MavenImpl.java:1416)
	at org.eclipse.m2e.jdt.internal.DownloadSourcesJob.run(DownloadSourcesJob.java:152)
	at org.eclipse.core.internal.jobs.Worker.run(Worker.java:63)
2023-04-17 10:51:49,691 [Worker-6: Building] INFO  o.e.m.c.i.l.LifecycleMappingFactory - Using org.eclipse.m2e.jdt.JarLifecycleMapping lifecycle mapping for MavenProject: org.owasp.webgoat.lesson:challenge:8.2.3-SNAPSHOT @ D:\DevSecOps\Files\WebGoat\WebGoat-DevOps\webgoat-lessons\challenge\pom.xml.
2023-04-17 10:51:50,164 [Worker-6: Building] WARN  o.e.m.c.i.embedder.EclipseLogger - The POM for org.owasp.webgoat:webgoat-container:jar:8.2.3-SNAPSHOT is missing, no dependency information available
2023-04-17 10:51:50,165 [Worker-6: Building] WARN  o.e.m.c.i.embedder.EclipseLogger - The POM for org.owasp.webgoat:webgoat-container:jar:tests:8.2.3-SNAPSHOT is missing, no dependency information available
2023-04-17 10:51:50,790 [Worker-6: Building] INFO  o.e.m.c.i.embedder.EclipseLogger - Using 'UTF-8' encoding to copy filtered resources.
2023-04-17 10:51:50,790 [Worker-6: Building] INFO  o.e.m.c.i.embedder.EclipseLogger - Using 'UTF-8' encoding to copy filtered properties files.
2023-04-17 10:51:50,791 [Worker-6: Building] INFO  o.e.m.c.i.embedder.EclipseLogger - Copying 0 resource
2023-04-17 10:51:50,839 [Worker-6: Building] INFO  o.e.m.c.i.embedder.EclipseLogger - Copying 37 resources
2023-04-17 10:51:50,848 [Worker-6: Building] INFO  o.e.m.c.i.embedder.EclipseLogger - Using 'UTF-8' encoding to copy filtered resources.
2023-04-17 10:51:50,850 [Worker-6: Building] INFO  o.e.m.c.i.embedder.EclipseLogger - Using 'UTF-8' encoding to copy filtered properties files.
2023-04-17 10:51:50,850 [Worker-6: Building] INFO  o.e.m.c.i.embedder.EclipseLogger - skip non existing resourceDirectory D:\DevSecOps\Files\WebGoat\WebGoat-DevOps\webgoat-lessons\challenge\src\test\resources
2023-04-17 10:51:53,221 [Worker-6: Building] INFO  o.e.m.c.i.l.LifecycleMappingFactory - Using org.eclipse.m2e.jdt.JarLifecycleMapping lifecycle mapping for MavenProject: org.owasp.webgoat.lesson:chrome-dev-tools:8.2.3-SNAPSHOT @ D:\DevSecOps\Files\WebGoat\WebGoat-DevOps\webgoat-lessons\chrome-dev-tools\pom.xml.
2023-04-17 10:51:53,226 [Worker-6: Building] WARN  o.e.m.c.i.embedder.EclipseLogger - The POM for org.owasp.webgoat:webgoat-container:jar:8.2.3-SNAPSHOT is missing, no dependency information available
2023-04-17 10:51:53,227 [Worker-6: Building] WARN  o.e.m.c.i.embedder.EclipseLogger - The POM for org.owasp.webgoat:webgoat-container:jar:tests:8.2.3-SNAPSHOT is missing, no dependency information available
2023-04-17 10:51:54,455 [Worker-6: Building] INFO  o.e.m.c.i.embedder.EclipseLogger - Using 'UTF-8' encoding to copy filtered resources.
2023-04-17 10:51:54,455 [Worker-6: Building] INFO  o.e.m.c.i.embedder.EclipseLogger - Using 'UTF-8' encoding to copy filtered properties files.
2023-04-17 10:51:54,456 [Worker-6: Building] INFO  o.e.m.c.i.embedder.EclipseLogger - Copying 0 resource
2023-04-17 10:51:54,456 [Worker-6: Building] INFO  o.e.m.c.i.embedder.EclipseLogger - Copying 14 resources
2023-04-17 10:51:54,461 [Worker-6: Building] INFO  o.e.m.c.i.embedder.EclipseLogger - Using 'UTF-8' encoding to copy filtered resources.
2023-04-17 10:51:54,461 [Worker-6: Building] INFO  o.e.m.c.i.embedder.EclipseLogger - Using 'UTF-8' encoding to copy filtered properties files.
2023-04-17 10:51:54,461 [Worker-6: Building] INFO  o.e.m.c.i.embedder.EclipseLogger - skip non existing resourceDirectory D:\DevSecOps\Files\WebGoat\WebGoat-DevOps\webgoat-lessons\chrome-dev-tools\src\test\resources
2023-04-17 10:51:55,997 [Worker-6: Building] INFO  o.e.m.c.i.l.LifecycleMappingFactory - Using org.eclipse.m2e.jdt.JarLifecycleMapping lifecycle mapping for MavenProject: org.owasp.webgoat.lesson:cia:8.2.3-SNAPSHOT @ D:\DevSecOps\Files\WebGoat\WebGoat-DevOps\webgoat-lessons\cia\pom.xml.
2023-04-17 10:51:56,003 [Worker-6: Building] WARN  o.e.m.c.i.embedder.EclipseLogger - The POM for org.owasp.webgoat:webgoat-container:jar:8.2.3-SNAPSHOT is missing, no dependency information available
2023-04-17 10:51:56,004 [Worker-6: Building] WARN  o.e.m.c.i.embedder.EclipseLogger - The POM for org.owasp.webgoat:webgoat-container:jar:tests:8.2.3-SNAPSHOT is missing, no dependency information available
2023-04-17 10:51:57,152 [Worker-6: Building] INFO  o.e.m.c.i.embedder.EclipseLogger - Using 'UTF-8' encoding to copy filtered resources.
2023-04-17 10:51:57,152 [Worker-6: Building] INFO  o.e.m.c.i.embedder.EclipseLogger - Using 'UTF-8' encoding to copy filtered properties files.
2023-04-17 10:51:57,153 [Worker-6: Building] INFO  o.e.m.c.i.embedder.EclipseLogger - Copying 0 resource
2023-04-17 10:51:57,153 [Worker-6: Building] INFO  o.e.m.c.i.embedder.EclipseLogger - Copying 8 resources
2023-04-17 10:51:57,163 [Worker-6: Building] INFO  o.e.m.c.i.embedder.EclipseLogger - Using 'UTF-8' encoding to copy filtered resources.
2023-04-17 10:51:57,163 [Worker-6: Building] INFO  o.e.m.c.i.embedder.EclipseLogger - Using 'UTF-8' encoding to copy filtered properties files.
2023-04-17 10:51:57,163 [Worker-6: Building] INFO  o.e.m.c.i.embedder.EclipseLogger - skip non existing resourceDirectory D:\DevSecOps\Files\WebGoat\WebGoat-DevOps\webgoat-lessons\cia\src\test\resources
2023-04-17 10:52:00,100 [Worker-6: Building] INFO  o.e.m.c.i.l.LifecycleMappingFactory - Using org.eclipse.m2e.jdt.JarLifecycleMapping lifecycle mapping for MavenProject: org.owasp.webgoat.lesson:client-side-filtering:8.2.3-SNAPSHOT @ D:\DevSecOps\Files\WebGoat\WebGoat-DevOps\webgoat-lessons\client-side-filtering\pom.xml.
2023-04-17 10:52:00,139 [Worker-6: Building] WARN  o.e.m.c.i.embedder.EclipseLogger - The POM for org.owasp.webgoat:webgoat-container:jar:8.2.3-SNAPSHOT is missing, no dependency information available
2023-04-17 10:52:00,140 [Worker-6: Building] WARN  o.e.m.c.i.embedder.EclipseLogger - The POM for org.owasp.webgoat:webgoat-container:jar:tests:8.2.3-SNAPSHOT is missing, no dependency information available
2023-04-17 10:52:01,514 [Worker-6: Building] INFO  o.e.m.c.i.embedder.EclipseLogger - Using 'UTF-8' encoding to copy filtered resources.
2023-04-17 10:52:01,514 [Worker-6: Building] INFO  o.e.m.c.i.embedder.EclipseLogger - Using 'UTF-8' encoding to copy filtered properties files.
2023-04-17 10:52:01,529 [Worker-6: Building] INFO  o.e.m.c.i.embedder.EclipseLogger - Copying 0 resource
2023-04-17 10:52:01,531 [Worker-6: Building] INFO  o.e.m.c.i.embedder.EclipseLogger - Copying 17 resources
2023-04-17 10:52:01,537 [Worker-6: Building] INFO  o.e.m.c.i.embedder.EclipseLogger - Using 'UTF-8' encoding to copy filtered resources.
2023-04-17 10:52:01,537 [Worker-6: Building] INFO  o.e.m.c.i.embedder.EclipseLogger - Using 'UTF-8' encoding to copy filtered properties files.
2023-04-17 10:52:01,537 [Worker-6: Building] INFO  o.e.m.c.i.embedder.EclipseLogger - skip non existing resourceDirectory D:\DevSecOps\Files\WebGoat\WebGoat-DevOps\webgoat-lessons\client-side-filtering\src\test\resources
2023-04-17 10:52:03,977 [Worker-6: Building] INFO  o.e.m.c.i.l.LifecycleMappingFactory - Using org.eclipse.m2e.jdt.JarLifecycleMapping lifecycle mapping for MavenProject: org.owasp.webgoat.lesson:cross-site-scripting:8.2.3-SNAPSHOT @ D:\DevSecOps\Files\WebGoat\WebGoat-DevOps\webgoat-lessons\cross-site-scripting\pom.xml.
2023-04-17 10:52:04,008 [Worker-6: Building] WARN  o.e.m.c.i.embedder.EclipseLogger - The POM for org.owasp.webgoat:webgoat-container:jar:8.2.3-SNAPSHOT is missing, no dependency information available
2023-04-17 10:52:04,009 [Worker-6: Building] WARN  o.e.m.c.i.embedder.EclipseLogger - The POM for org.owasp.webgoat:webgoat-container:jar:tests:8.2.3-SNAPSHOT is missing, no dependency information available
2023-04-17 10:52:04,466 [Worker-6: Building] INFO  o.e.m.c.i.embedder.EclipseLogger - Using 'UTF-8' encoding to copy filtered resources.
2023-04-17 10:52:04,466 [Worker-6: Building] INFO  o.e.m.c.i.embedder.EclipseLogger - Using 'UTF-8' encoding to copy filtered properties files.
2023-04-17 10:52:04,466 [Worker-6: Building] INFO  o.e.m.c.i.embedder.EclipseLogger - Copying 0 resource
2023-04-17 10:52:04,467 [Worker-6: Building] INFO  o.e.m.c.i.embedder.EclipseLogger - Copying 38 resources
2023-04-17 10:52:04,480 [Worker-6: Building] INFO  o.e.m.c.i.embedder.EclipseLogger - Using 'UTF-8' encoding to copy filtered resources.
2023-04-17 10:52:04,480 [Worker-6: Building] INFO  o.e.m.c.i.embedder.EclipseLogger - Using 'UTF-8' encoding to copy filtered properties files.
2023-04-17 10:52:04,480 [Worker-6: Building] INFO  o.e.m.c.i.embedder.EclipseLogger - skip non existing resourceDirectory D:\DevSecOps\Files\WebGoat\WebGoat-DevOps\webgoat-lessons\cross-site-scripting\src\test\resources
2023-04-17 10:52:06,348 [Worker-6: Building] INFO  o.e.m.c.i.l.LifecycleMappingFactory - Using org.eclipse.m2e.jdt.JarLifecycleMapping lifecycle mapping for MavenProject: org.owasp.webgoat.lesson:crypto:8.2.3-SNAPSHOT @ D:\DevSecOps\Files\WebGoat\WebGoat-DevOps\webgoat-lessons\crypto\pom.xml.
2023-04-17 10:52:06,403 [Worker-6: Building] WARN  o.e.m.c.i.embedder.EclipseLogger - The POM for org.owasp.webgoat:webgoat-container:jar:8.2.3-SNAPSHOT is missing, no dependency information available
2023-04-17 10:52:06,404 [Worker-6: Building] WARN  o.e.m.c.i.embedder.EclipseLogger - The POM for org.owasp.webgoat:webgoat-container:jar:tests:8.2.3-SNAPSHOT is missing, no dependency information available
2023-04-17 10:52:07,110 [Worker-6: Building] INFO  o.e.m.c.i.embedder.EclipseLogger - Using 'UTF-8' encoding to copy filtered resources.
2023-04-17 10:52:07,111 [Worker-6: Building] INFO  o.e.m.c.i.embedder.EclipseLogger - Using 'UTF-8' encoding to copy filtered properties files.
2023-04-17 10:52:07,112 [Worker-6: Building] INFO  o.e.m.c.i.embedder.EclipseLogger - Copying 0 resource
2023-04-17 10:52:07,112 [Worker-6: Building] INFO  o.e.m.c.i.embedder.EclipseLogger - Copying 13 resources
2023-04-17 10:52:07,127 [Worker-6: Building] INFO  o.e.m.c.i.embedder.EclipseLogger - Using 'UTF-8' encoding to copy filtered resources.
2023-04-17 10:52:07,127 [Worker-6: Building] INFO  o.e.m.c.i.embedder.EclipseLogger - Using 'UTF-8' encoding to copy filtered properties files.
2023-04-17 10:52:07,127 [Worker-6: Building] INFO  o.e.m.c.i.embedder.EclipseLogger - skip non existing resourceDirectory D:\DevSecOps\Files\WebGoat\WebGoat-DevOps\webgoat-lessons\crypto\src\test\resources
2023-04-17 10:52:08,724 [Worker-6: Building] INFO  o.e.m.c.i.l.LifecycleMappingFactory - Using org.eclipse.m2e.jdt.JarLifecycleMapping lifecycle mapping for MavenProject: org.owasp.webgoat.lesson:csrf:8.2.3-SNAPSHOT @ D:\DevSecOps\Files\WebGoat\WebGoat-DevOps\webgoat-lessons\csrf\pom.xml.
2023-04-17 10:52:08,728 [Worker-6: Building] WARN  o.e.m.c.i.embedder.EclipseLogger - The POM for org.owasp.webgoat:webgoat-container:jar:8.2.3-SNAPSHOT is missing, no dependency information available
2023-04-17 10:52:08,729 [Worker-6: Building] WARN  o.e.m.c.i.embedder.EclipseLogger - The POM for org.owasp.webgoat:webgoat-container:jar:tests:8.2.3-SNAPSHOT is missing, no dependency information available
2023-04-17 10:52:09,533 [Worker-6: Building] INFO  o.e.m.c.i.embedder.EclipseLogger - Using 'UTF-8' encoding to copy filtered resources.
2023-04-17 10:52:09,533 [Worker-6: Building] INFO  o.e.m.c.i.embedder.EclipseLogger - Using 'UTF-8' encoding to copy filtered properties files.
2023-04-17 10:52:09,534 [Worker-6: Building] INFO  o.e.m.c.i.embedder.EclipseLogger - Copying 0 resource
2023-04-17 10:52:09,538 [Worker-6: Building] INFO  o.e.m.c.i.embedder.EclipseLogger - Copying 16 resources
2023-04-17 10:52:09,547 [Worker-6: Building] INFO  o.e.m.c.i.embedder.EclipseLogger - Using 'UTF-8' encoding to copy filtered resources.
2023-04-17 10:52:09,547 [Worker-6: Building] INFO  o.e.m.c.i.embedder.EclipseLogger - Using 'UTF-8' encoding to copy filtered properties files.
2023-04-17 10:52:09,547 [Worker-6: Building] INFO  o.e.m.c.i.embedder.EclipseLogger - skip non existing resourceDirectory D:\DevSecOps\Files\WebGoat\WebGoat-DevOps\webgoat-lessons\csrf\src\test\resources
2023-04-17 10:52:10,760 [Worker-6: Building] INFO  o.e.m.c.i.l.LifecycleMappingFactory - Using org.eclipse.m2e.jdt.JarLifecycleMapping lifecycle mapping for MavenProject: org.owasp.webgoat.lesson:hijack-session:8.2.3-SNAPSHOT @ D:\DevSecOps\Files\WebGoat\WebGoat-DevOps\webgoat-lessons\hijack-session\pom.xml.
2023-04-17 10:52:10,765 [Worker-6: Building] WARN  o.e.m.c.i.embedder.EclipseLogger - The POM for org.owasp.webgoat:webgoat-container:jar:8.2.3-SNAPSHOT is missing, no dependency information available
2023-04-17 10:52:10,868 [Worker-6: Building] WARN  o.e.m.c.i.embedder.EclipseLogger - The POM for org.owasp.webgoat:webgoat-container:jar:tests:8.2.3-SNAPSHOT is missing, no dependency information available
2023-04-17 10:52:11,412 [Worker-6: Building] INFO  o.e.m.c.i.embedder.EclipseLogger - Using 'UTF-8' encoding to copy filtered resources.
2023-04-17 10:52:11,412 [Worker-6: Building] INFO  o.e.m.c.i.embedder.EclipseLogger - Using 'UTF-8' encoding to copy filtered properties files.
2023-04-17 10:52:11,412 [Worker-6: Building] INFO  o.e.m.c.i.embedder.EclipseLogger - Copying 0 resource
2023-04-17 10:52:11,424 [Worker-6: Building] INFO  o.e.m.c.i.embedder.EclipseLogger - Copying 7 resources
2023-04-17 10:52:11,426 [Worker-6: Building] INFO  o.e.m.c.i.embedder.EclipseLogger - Using 'UTF-8' encoding to copy filtered resources.
2023-04-17 10:52:11,427 [Worker-6: Building] INFO  o.e.m.c.i.embedder.EclipseLogger - Using 'UTF-8' encoding to copy filtered properties files.
2023-04-17 10:52:11,427 [Worker-6: Building] INFO  o.e.m.c.i.embedder.EclipseLogger - skip non existing resourceDirectory D:\DevSecOps\Files\WebGoat\WebGoat-DevOps\webgoat-lessons\hijack-session\src\test\resources
2023-04-17 10:52:12,835 [Worker-6: Building] INFO  o.e.m.c.i.l.LifecycleMappingFactory - Using org.eclipse.m2e.jdt.JarLifecycleMapping lifecycle mapping for MavenProject: org.owasp.webgoat.lesson:html-tampering:8.2.3-SNAPSHOT @ D:\DevSecOps\Files\WebGoat\WebGoat-DevOps\webgoat-lessons\html-tampering\pom.xml.
2023-04-17 10:52:13,123 [Worker-6: Building] WARN  o.e.m.c.i.embedder.EclipseLogger - The POM for org.owasp.webgoat:webgoat-container:jar:8.2.3-SNAPSHOT is missing, no dependency information available
2023-04-17 10:52:13,124 [Worker-6: Building] WARN  o.e.m.c.i.embedder.EclipseLogger - The POM for org.owasp.webgoat:webgoat-container:jar:tests:8.2.3-SNAPSHOT is missing, no dependency information available
2023-04-17 10:52:13,891 [Worker-6: Building] INFO  o.e.m.c.i.embedder.EclipseLogger - Using 'UTF-8' encoding to copy filtered resources.
2023-04-17 10:52:13,891 [Worker-6: Building] INFO  o.e.m.c.i.embedder.EclipseLogger - Using 'UTF-8' encoding to copy filtered properties files.
2023-04-17 10:52:13,892 [Worker-6: Building] INFO  o.e.m.c.i.embedder.EclipseLogger - Copying 0 resource
2023-04-17 10:52:13,892 [Worker-6: Building] INFO  o.e.m.c.i.embedder.EclipseLogger - Copying 6 resources
2023-04-17 10:52:13,894 [Worker-6: Building] INFO  o.e.m.c.i.embedder.EclipseLogger - Using 'UTF-8' encoding to copy filtered resources.
2023-04-17 10:52:13,894 [Worker-6: Building] INFO  o.e.m.c.i.embedder.EclipseLogger - Using 'UTF-8' encoding to copy filtered properties files.
2023-04-17 10:52:13,894 [Worker-6: Building] INFO  o.e.m.c.i.embedder.EclipseLogger - skip non existing resourceDirectory D:\DevSecOps\Files\WebGoat\WebGoat-DevOps\webgoat-lessons\html-tampering\src\test\resources
2023-04-17 10:52:15,338 [Worker-6: Building] INFO  o.e.m.c.i.l.LifecycleMappingFactory - Using org.eclipse.m2e.jdt.JarLifecycleMapping lifecycle mapping for MavenProject: org.owasp.webgoat.lesson:http-basics:8.2.3-SNAPSHOT @ D:\DevSecOps\Files\WebGoat\WebGoat-DevOps\webgoat-lessons\http-basics\pom.xml.
2023-04-17 10:52:15,373 [Worker-6: Building] WARN  o.e.m.c.i.embedder.EclipseLogger - The POM for org.owasp.webgoat:webgoat-container:jar:8.2.3-SNAPSHOT is missing, no dependency information available
2023-04-17 10:52:15,374 [Worker-6: Building] WARN  o.e.m.c.i.embedder.EclipseLogger - The POM for org.owasp.webgoat:webgoat-container:jar:tests:8.2.3-SNAPSHOT is missing, no dependency information available
2023-04-17 10:52:15,806 [Worker-6: Building] INFO  o.e.m.c.i.embedder.EclipseLogger - Using 'UTF-8' encoding to copy filtered resources.
2023-04-17 10:52:15,806 [Worker-6: Building] INFO  o.e.m.c.i.embedder.EclipseLogger - Using 'UTF-8' encoding to copy filtered properties files.
2023-04-17 10:52:15,807 [Worker-6: Building] INFO  o.e.m.c.i.embedder.EclipseLogger - Copying 0 resource
2023-04-17 10:52:15,807 [Worker-6: Building] INFO  o.e.m.c.i.embedder.EclipseLogger - Copying 14 resources
2023-04-17 10:52:15,815 [Worker-6: Building] INFO  o.e.m.c.i.embedder.EclipseLogger - Using 'UTF-8' encoding to copy filtered resources.
2023-04-17 10:52:15,815 [Worker-6: Building] INFO  o.e.m.c.i.embedder.EclipseLogger - Using 'UTF-8' encoding to copy filtered properties files.
2023-04-17 10:52:15,817 [Worker-6: Building] INFO  o.e.m.c.i.embedder.EclipseLogger - skip non existing resourceDirectory D:\DevSecOps\Files\WebGoat\WebGoat-DevOps\webgoat-lessons\http-basics\src\test\resources
2023-04-17 10:52:17,546 [Worker-6: Building] INFO  o.e.m.c.i.l.LifecycleMappingFactory - Using org.eclipse.m2e.jdt.JarLifecycleMapping lifecycle mapping for MavenProject: org.owasp.webgoat.lesson:http-proxies:8.2.3-SNAPSHOT @ D:\DevSecOps\Files\WebGoat\WebGoat-DevOps\webgoat-lessons\http-proxies\pom.xml.
2023-04-17 10:52:17,643 [Worker-6: Building] WARN  o.e.m.c.i.embedder.EclipseLogger - The POM for org.owasp.webgoat:webgoat-container:jar:8.2.3-SNAPSHOT is missing, no dependency information available
2023-04-17 10:52:17,644 [Worker-6: Building] WARN  o.e.m.c.i.embedder.EclipseLogger - The POM for org.owasp.webgoat:webgoat-container:jar:tests:8.2.3-SNAPSHOT is missing, no dependency information available
2023-04-17 10:52:17,982 [Worker-6: Building] INFO  o.e.m.c.i.embedder.EclipseLogger - Using 'UTF-8' encoding to copy filtered resources.
2023-04-17 10:52:17,982 [Worker-6: Building] INFO  o.e.m.c.i.embedder.EclipseLogger - Using 'UTF-8' encoding to copy filtered properties files.
2023-04-17 10:52:17,983 [Worker-6: Building] INFO  o.e.m.c.i.embedder.EclipseLogger - Copying 0 resource
2023-04-17 10:52:18,006 [Worker-6: Building] INFO  o.e.m.c.i.embedder.EclipseLogger - Copying 39 resources
2023-04-17 10:52:18,016 [Worker-6: Building] INFO  o.e.m.c.i.embedder.EclipseLogger - Using 'UTF-8' encoding to copy filtered resources.
2023-04-17 10:52:18,016 [Worker-6: Building] INFO  o.e.m.c.i.embedder.EclipseLogger - Using 'UTF-8' encoding to copy filtered properties files.
2023-04-17 10:52:18,017 [Worker-6: Building] INFO  o.e.m.c.i.embedder.EclipseLogger - skip non existing resourceDirectory D:\DevSecOps\Files\WebGoat\WebGoat-DevOps\webgoat-lessons\http-proxies\src\test\resources
2023-04-17 10:52:20,479 [Worker-6: Building] INFO  o.e.m.c.i.l.LifecycleMappingFactory - Using org.eclipse.m2e.jdt.JarLifecycleMapping lifecycle mapping for MavenProject: org.owasp.webgoat.lesson:idor:8.2.3-SNAPSHOT @ D:\DevSecOps\Files\WebGoat\WebGoat-DevOps\webgoat-lessons\idor\pom.xml.
2023-04-17 10:52:20,484 [Worker-6: Building] WARN  o.e.m.c.i.embedder.EclipseLogger - The POM for org.owasp.webgoat:webgoat-container:jar:8.2.3-SNAPSHOT is missing, no dependency information available
2023-04-17 10:52:20,484 [Worker-6: Building] WARN  o.e.m.c.i.embedder.EclipseLogger - The POM for org.owasp.webgoat:webgoat-container:jar:tests:8.2.3-SNAPSHOT is missing, no dependency information available
2023-04-17 10:52:22,231 [Worker-6: Building] INFO  o.e.m.c.i.embedder.EclipseLogger - Using 'UTF-8' encoding to copy filtered resources.
2023-04-17 10:52:22,231 [Worker-6: Building] INFO  o.e.m.c.i.embedder.EclipseLogger - Using 'UTF-8' encoding to copy filtered properties files.
2023-04-17 10:52:22,231 [Worker-6: Building] INFO  o.e.m.c.i.embedder.EclipseLogger - Copying 0 resource
2023-04-17 10:52:22,240 [Worker-6: Building] INFO  o.e.m.c.i.embedder.EclipseLogger - Copying 14 resources
2023-04-17 10:52:22,245 [Worker-6: Building] INFO  o.e.m.c.i.embedder.EclipseLogger - Using 'UTF-8' encoding to copy filtered resources.
2023-04-17 10:52:22,245 [Worker-6: Building] INFO  o.e.m.c.i.embedder.EclipseLogger - Using 'UTF-8' encoding to copy filtered properties files.
2023-04-17 10:52:22,245 [Worker-6: Building] INFO  o.e.m.c.i.embedder.EclipseLogger - skip non existing resourceDirectory D:\DevSecOps\Files\WebGoat\WebGoat-DevOps\webgoat-lessons\idor\src\test\resources
2023-04-17 10:52:23,807 [Worker-6: Building] INFO  o.e.m.c.i.l.LifecycleMappingFactory - Using org.eclipse.m2e.jdt.JarLifecycleMapping lifecycle mapping for MavenProject: org.owasp.webgoat.lesson:insecure-deserialization:8.2.3-SNAPSHOT @ D:\DevSecOps\Files\WebGoat\WebGoat-DevOps\webgoat-lessons\insecure-deserialization\pom.xml.
2023-04-17 10:52:23,904 [Worker-6: Building] WARN  o.e.m.c.i.embedder.EclipseLogger - The POM for org.owasp.webgoat:webgoat-container:jar:8.2.3-SNAPSHOT is missing, no dependency information available
2023-04-17 10:52:23,905 [Worker-6: Building] WARN  o.e.m.c.i.embedder.EclipseLogger - The POM for org.owasp.webgoat:webgoat-container:jar:tests:8.2.3-SNAPSHOT is missing, no dependency information available
2023-04-17 10:52:24,679 [Worker-6: Building] INFO  o.e.m.c.i.embedder.EclipseLogger - Using 'UTF-8' encoding to copy filtered resources.
2023-04-17 10:52:24,680 [Worker-6: Building] INFO  o.e.m.c.i.embedder.EclipseLogger - Using 'UTF-8' encoding to copy filtered properties files.
2023-04-17 10:52:24,680 [Worker-6: Building] INFO  o.e.m.c.i.embedder.EclipseLogger - Copying 0 resource
2023-04-17 10:52:24,680 [Worker-6: Building] INFO  o.e.m.c.i.embedder.EclipseLogger - Copying 7 resources
2023-04-17 10:52:24,690 [Worker-6: Building] INFO  o.e.m.c.i.embedder.EclipseLogger - Using 'UTF-8' encoding to copy filtered resources.
2023-04-17 10:52:24,690 [Worker-6: Building] INFO  o.e.m.c.i.embedder.EclipseLogger - Using 'UTF-8' encoding to copy filtered properties files.
2023-04-17 10:52:24,690 [Worker-6: Building] INFO  o.e.m.c.i.embedder.EclipseLogger - skip non existing resourceDirectory D:\DevSecOps\Files\WebGoat\WebGoat-DevOps\webgoat-lessons\insecure-deserialization\src\test\resources
2023-04-17 10:52:26,414 [Thread-12] ERROR o.e.m.e.l.MavenRuntimeClasspathProvider - Illegal character in path at index 19: file:/C:/Users/Team Lead/eclipse/java-2021-12/eclipse/../../../.p2/pool/plugins/org.eclipse.m2e.maven.runtime_1.18.1.20211011-2139/jars/
java.net.URISyntaxException: Illegal character in path at index 19: file:/C:/Users/Team Lead/eclipse/java-2021-12/eclipse/../../../.p2/pool/plugins/org.eclipse.m2e.maven.runtime_1.18.1.20211011-2139/jars/
	at java.base/java.net.URI$Parser.fail(URI.java:2913)
	at java.base/java.net.URI$Parser.checkChars(URI.java:3084)
	at java.base/java.net.URI$Parser.parseHierarchical(URI.java:3166)
	at java.base/java.net.URI$Parser.parse(URI.java:3114)
	at java.base/java.net.URI.<init>(URI.java:600)
	at java.base/java.net.URL.toURI(URL.java:1061)
	at org.eclipse.m2e.editor.lemminx.MavenRuntimeClasspathProvider.addJarsFromBundle(MavenRuntimeClasspathProvider.java:83)
	at org.eclipse.m2e.editor.lemminx.MavenRuntimeClasspathProvider.get(MavenRuntimeClasspathProvider.java:66)
	at org.eclipse.m2e.editor.lemminx.MavenRuntimeClasspathProvider.get(MavenRuntimeClasspathProvider.java:1)
	at java.base/java.util.stream.ReferencePipeline$3$1.accept(ReferencePipeline.java:195)
	at java.base/java.util.stream.ReferencePipeline$3$1.accept(ReferencePipeline.java:195)
	at java.base/java.util.HashMap$EntrySpliterator.forEachRemaining(HashMap.java:1763)
	at java.base/java.util.stream.AbstractPipeline.copyInto(AbstractPipeline.java:484)
	at java.base/java.util.stream.AbstractPipeline.wrapAndCopyInto(AbstractPipeline.java:474)
	at java.base/java.util.stream.ForEachOps$ForEachOp.evaluateSequential(ForEachOps.java:150)
	at java.base/java.util.stream.ForEachOps$ForEachOp$OfRef.evaluateSequential(ForEachOps.java:173)
	at java.base/java.util.stream.AbstractPipeline.evaluate(AbstractPipeline.java:234)
	at java.base/java.util.stream.ReferencePipeline.forEach(ReferencePipeline.java:497)
	at org.eclipse.wildwebdeveloper.xml.internal.XMLExtensionRegistry.getXMLLSClassPathExtensions(XMLExtensionRegistry.java:81)
	at org.eclipse.wildwebdeveloper.xml.internal.XMLLanguageServer.getExtensionJarPaths(XMLLanguageServer.java:142)
	at org.eclipse.wildwebdeveloper.xml.internal.XMLLanguageServer.<init>(XMLLanguageServer.java:83)
	at java.base/jdk.internal.reflect.NativeConstructorAccessorImpl.newInstance0(Native Method)
	at java.base/jdk.internal.reflect.NativeConstructorAccessorImpl.newInstance(NativeConstructorAccessorImpl.java:62)
	at java.base/jdk.internal.reflect.DelegatingConstructorAccessorImpl.newInstance(DelegatingConstructorAccessorImpl.java:45)
	at java.base/java.lang.reflect.Constructor.newInstance(Constructor.java:490)
	at org.eclipse.core.internal.registry.osgi.RegistryStrategyOSGI.createExecutableExtension(RegistryStrategyOSGI.java:204)
	at org.eclipse.core.internal.registry.ExtensionRegistry.createExecutableExtension(ExtensionRegistry.java:920)
	at org.eclipse.core.internal.registry.ConfigurationElement.createExecutableExtension(ConfigurationElement.java:246)
	at org.eclipse.core.internal.registry.ConfigurationElementHandle.createExecutableExtension(ConfigurationElementHandle.java:63)
	at org.eclipse.lsp4e.LanguageServersRegistry$ExtensionLanguageServerDefinition.createConnectionProvider(LanguageServersRegistry.java:127)
	at org.eclipse.lsp4e.LanguageServerWrapper.lambda$1(LanguageServerWrapper.java:222)
	at java.base/java.util.concurrent.CompletableFuture$AsyncSupply.run(CompletableFuture.java:1700)
	at java.base/java.lang.Thread.run(Thread.java:834)
2023-04-17 10:52:26,415 [Thread-12] ERROR o.e.m.e.l.MavenRuntimeClasspathProvider - Illegal character in path at index 19: file:/C:/Users/Team Lead/eclipse/java-2021-12/eclipse/../../../.p2/pool/plugins/org.eclipse.m2e.maven.indexer_1.18.1.20211011-2139/jars/
java.net.URISyntaxException: Illegal character in path at index 19: file:/C:/Users/Team Lead/eclipse/java-2021-12/eclipse/../../../.p2/pool/plugins/org.eclipse.m2e.maven.indexer_1.18.1.20211011-2139/jars/
	at java.base/java.net.URI$Parser.fail(URI.java:2913)
	at java.base/java.net.URI$Parser.checkChars(URI.java:3084)
	at java.base/java.net.URI$Parser.parseHierarchical(URI.java:3166)
	at java.base/java.net.URI$Parser.parse(URI.java:3114)
	at java.base/java.net.URI.<init>(URI.java:600)
	at java.base/java.net.URL.toURI(URL.java:1061)
	at org.eclipse.m2e.editor.lemminx.MavenRuntimeClasspathProvider.addJarsFromBundle(MavenRuntimeClasspathProvider.java:83)
	at org.eclipse.m2e.editor.lemminx.MavenRuntimeClasspathProvider.get(MavenRuntimeClasspathProvider.java:68)
	at org.eclipse.m2e.editor.lemminx.MavenRuntimeClasspathProvider.get(MavenRuntimeClasspathProvider.java:1)
	at java.base/java.util.stream.ReferencePipeline$3$1.accept(ReferencePipeline.java:195)
	at java.base/java.util.stream.ReferencePipeline$3$1.accept(ReferencePipeline.java:195)
	at java.base/java.util.HashMap$EntrySpliterator.forEachRemaining(HashMap.java:1763)
	at java.base/java.util.stream.AbstractPipeline.copyInto(AbstractPipeline.java:484)
	at java.base/java.util.stream.AbstractPipeline.wrapAndCopyInto(AbstractPipeline.java:474)
	at java.base/java.util.stream.ForEachOps$ForEachOp.evaluateSequential(ForEachOps.java:150)
	at java.base/java.util.stream.ForEachOps$ForEachOp$OfRef.evaluateSequential(ForEachOps.java:173)
	at java.base/java.util.stream.AbstractPipeline.evaluate(AbstractPipeline.java:234)
	at java.base/java.util.stream.ReferencePipeline.forEach(ReferencePipeline.java:497)
	at org.eclipse.wildwebdeveloper.xml.internal.XMLExtensionRegistry.getXMLLSClassPathExtensions(XMLExtensionRegistry.java:81)
	at org.eclipse.wildwebdeveloper.xml.internal.XMLLanguageServer.getExtensionJarPaths(XMLLanguageServer.java:142)
	at org.eclipse.wildwebdeveloper.xml.internal.XMLLanguageServer.<init>(XMLLanguageServer.java:83)
	at java.base/jdk.internal.reflect.NativeConstructorAccessorImpl.newInstance0(Native Method)
	at java.base/jdk.internal.reflect.NativeConstructorAccessorImpl.newInstance(NativeConstructorAccessorImpl.java:62)
	at java.base/jdk.internal.reflect.DelegatingConstructorAccessorImpl.newInstance(DelegatingConstructorAccessorImpl.java:45)
	at java.base/java.lang.reflect.Constructor.newInstance(Constructor.java:490)
	at org.eclipse.core.internal.registry.osgi.RegistryStrategyOSGI.createExecutableExtension(RegistryStrategyOSGI.java:204)
	at org.eclipse.core.internal.registry.ExtensionRegistry.createExecutableExtension(ExtensionRegistry.java:920)
	at org.eclipse.core.internal.registry.ConfigurationElement.createExecutableExtension(ConfigurationElement.java:246)
	at org.eclipse.core.internal.registry.ConfigurationElementHandle.createExecutableExtension(ConfigurationElementHandle.java:63)
	at org.eclipse.lsp4e.LanguageServersRegistry$ExtensionLanguageServerDefinition.createConnectionProvider(LanguageServersRegistry.java:127)
	at org.eclipse.lsp4e.LanguageServerWrapper.lambda$1(LanguageServerWrapper.java:222)
	at java.base/java.util.concurrent.CompletableFuture$AsyncSupply.run(CompletableFuture.java:1700)
	at java.base/java.lang.Thread.run(Thread.java:834)
2023-04-17 10:52:26,466 [Worker-6: Building] INFO  o.e.m.c.i.l.LifecycleMappingFactory - Using org.eclipse.m2e.jdt.JarLifecycleMapping lifecycle mapping for MavenProject: org.owasp.webgoat.lesson:insecure-login:8.2.3-SNAPSHOT @ D:\DevSecOps\Files\WebGoat\WebGoat-DevOps\webgoat-lessons\insecure-login\pom.xml.
2023-04-17 10:52:26,779 [Worker-6: Building] WARN  o.e.m.c.i.embedder.EclipseLogger - The POM for org.owasp.webgoat:webgoat-container:jar:8.2.3-SNAPSHOT is missing, no dependency information available
2023-04-17 10:52:26,780 [Worker-6: Building] WARN  o.e.m.c.i.embedder.EclipseLogger - The POM for org.owasp.webgoat:webgoat-container:jar:tests:8.2.3-SNAPSHOT is missing, no dependency information available
2023-04-17 10:52:28,114 [Worker-6: Building] INFO  o.e.m.c.i.embedder.EclipseLogger - Using 'UTF-8' encoding to copy filtered resources.
2023-04-17 10:52:28,114 [Worker-6: Building] INFO  o.e.m.c.i.embedder.EclipseLogger - Using 'UTF-8' encoding to copy filtered properties files.
2023-04-17 10:52:28,114 [Worker-6: Building] INFO  o.e.m.c.i.embedder.EclipseLogger - Copying 0 resource
2023-04-17 10:52:28,114 [Worker-6: Building] INFO  o.e.m.c.i.embedder.EclipseLogger - Copying 5 resources
2023-04-17 10:52:28,143 [Worker-6: Building] INFO  o.e.m.c.i.embedder.EclipseLogger - Using 'UTF-8' encoding to copy filtered resources.
2023-04-17 10:52:28,144 [Worker-6: Building] INFO  o.e.m.c.i.embedder.EclipseLogger - Using 'UTF-8' encoding to copy filtered properties files.
2023-04-17 10:52:28,144 [Worker-6: Building] INFO  o.e.m.c.i.embedder.EclipseLogger - skip non existing resourceDirectory D:\DevSecOps\Files\WebGoat\WebGoat-DevOps\webgoat-lessons\insecure-login\src\test\resources
2023-04-17 10:52:31,745 [Worker-1: Updating Maven Dependencies] WARN  o.e.m.c.i.markers.MarkerUtils - Could not find OSGI service for org.eclipse.m2e.core.internal.markers.IEditorMarkerService
2023-04-17 10:52:31,746 [Worker-1: Updating Maven Dependencies] INFO  o.e.m.c.i.p.r.ProjectRegistryRefreshJob - org.eclipse.m2e.core.internal.project.registry.ProjectRegistryRefreshJob was canceled
2023-04-17 10:52:32,882 [Worker-4: Building] WARN  o.e.m.c.i.embedder.EclipseLogger - Failed to build parent project for org.springframework.boot:spring-boot-starter-parent:pom:2.6.1
2023-04-17 10:52:32,883 [Worker-4: Building] WARN  o.e.m.c.i.embedder.EclipseLogger - Failed to build parent project for org.owasp.webgoat:webgoat-parent:pom:8.2.3-SNAPSHOT
2023-04-17 10:52:32,883 [Worker-4: Building] WARN  o.e.m.c.i.embedder.EclipseLogger - Failed to build parent project for org.owasp.webgoat.lesson:webgoat-lessons-parent:pom:8.2.3-SNAPSHOT
2023-04-17 10:53:09,435 [Worker-2: Loading available Gradle versions] INFO  o.e.b.c.i.u.g.PublishedGradleVersions - Gradle version information cache is up-to-date. Trying to read.
